# JRE version: OpenJDK Runtime Environment (8.0_112-b06) (build 1.8.0_112-release-b06)
# Java VM: OpenJDK 64-Bit Server VM (25.112-b06 mixed mode bsd-amd64 compressed oops)
Heap:
 PSYoungGen      total 237056K, used 43037K [0x00000007a0000000, 0x00000007b1700000, 0x00000007c0000000)
  eden space 227328K, 14% used [0x00000007a0000000,0x00000007a20e2d88,0x00000007ade00000)
  from space 9728K, 96% used [0x00000007af600000,0x00000007aff246f0,0x00000007aff80000)
  to   space 19456K, 0% used [0x00000007b0400000,0x00000007b0400000,0x00000007b1700000)
 ParOldGen       total 113152K, used 53832K [0x0000000760000000, 0x0000000766e80000, 0x00000007a0000000)
  object space 113152K, 47% used [0x0000000760000000,0x0000000763492360,0x0000000766e80000)
 Metaspace       used 80407K, capacity 85126K, committed 85248K, reserved 1124352K
  class space    used 10217K, capacity 10965K, committed 11008K, reserved 1048576K
GC Heap History (10 events):
Event: 1076.328 GC heap before
{Heap before GC invocations=41 (full 4):
 PSYoungGen      total 243200K, used 240049K [0x00000007a0000000, 0x00000007b0180000, 0x00000007c0000000)
  eden space 229888K, 100% used [0x00000007a0000000,0x00000007ae080000,0x00000007ae080000)
  from space 13312K, 76% used [0x00000007af480000,0x00000007afe6c510,0x00000007b0180000)
  to   space 16896K, 0% used [0x00000007ae080000,0x00000007ae080000,0x00000007af100000)
 ParOldGen       total 113152K, used 53792K [0x0000000760000000, 0x0000000766e80000, 0x00000007a0000000)
  object space 113152K, 47% used [0x0000000760000000,0x0000000763488360,0x0000000766e80000)
 Metaspace       used 78568K, capacity 82476K, committed 82816K, reserved 1122304K
  class space    used 10086K, capacity 10775K, committed 10880K, reserved 1048576K
Event: 1076.365 GC heap after
Heap after GC invocations=41 (full 4):
 PSYoungGen      total 246784K, used 16096K [0x00000007a0000000, 0x00000007b1680000, 0x00000007c0000000)
  eden space 229888K, 0% used [0x00000007a0000000,0x00000007a0000000,0x00000007ae080000)
  from space 16896K, 95% used [0x00000007ae080000,0x00000007af0383d8,0x00000007af100000)
  to   space 18944K, 0% used [0x00000007b0400000,0x00000007b0400000,0x00000007b1680000)
 ParOldGen       total 113152K, used 53800K [0x0000000760000000, 0x0000000766e80000, 0x00000007a0000000)
  object space 113152K, 47% used [0x0000000760000000,0x000000076348a360,0x0000000766e80000)
 Metaspace       used 78568K, capacity 82476K, committed 82816K, reserved 1122304K
  class space    used 10086K, capacity 10775K, committed 10880K, reserved 1048576K
}
Event: 1082.048 GC heap before
{Heap before GC invocations=42 (full 4):
 PSYoungGen      total 246784K, used 245903K [0x00000007a0000000, 0x00000007b1680000, 0x00000007c0000000)
  eden space 229888K, 99% used [0x00000007a0000000,0x00000007ae06ba18,0x00000007ae080000)
  from space 16896K, 95% used [0x00000007ae080000,0x00000007af0383d8,0x00000007af100000)
  to   space 18944K, 0% used [0x00000007b0400000,0x00000007b0400000,0x00000007b1680000)
 ParOldGen       total 113152K, used 53800K [0x0000000760000000, 0x0000000766e80000, 0x00000007a0000000)
  object space 113152K, 47% used [0x0000000760000000,0x000000076348a360,0x0000000766e80000)
 Metaspace       used 79001K, capacity 82900K, committed 83072K, reserved 1122304K
  class space    used 10091K, capacity 10781K, committed 10880K, reserved 1048576K
Event: 1082.084 GC heap after
Heap after GC invocations=42 (full 4):
 PSYoungGen      total 266240K, used 12037K [0x00000007a0000000, 0x00000007b1780000, 0x00000007c0000000)
  eden space 247296K, 0% used [0x00000007a0000000,0x00000007a0000000,0x00000007af180000)
  from space 18944K, 63% used [0x00000007b0400000,0x00000007b0fc15b0,0x00000007b1680000)
  to   space 18944K, 0% used [0x00000007af180000,0x00000007af180000,0x00000007b0400000)
 ParOldGen       total 113152K, used 53808K [0x0000000760000000, 0x0000000766e80000, 0x00000007a0000000)
  object space 113152K, 47% used [0x0000000760000000,0x000000076348c360,0x0000000766e80000)
 Metaspace       used 79001K, capacity 82900K, committed 83072K, reserved 1122304K
  class space    used 10091K, capacity 10781K, committed 10880K, reserved 1048576K
}
Event: 1167.082 GC heap before
{Heap before GC invocations=43 (full 4):
 PSYoungGen      total 266240K, used 259333K [0x00000007a0000000, 0x00000007b1780000, 0x00000007c0000000)
  eden space 247296K, 100% used [0x00000007a0000000,0x00000007af180000,0x00000007af180000)
  from space 18944K, 63% used [0x00000007b0400000,0x00000007b0fc15b0,0x00000007b1680000)
  to   space 18944K, 0% used [0x00000007af180000,0x00000007af180000,0x00000007b0400000)
 ParOldGen       total 113152K, used 53808K [0x0000000760000000, 0x0000000766e80000, 0x00000007a0000000)
  object space 113152K, 47% used [0x0000000760000000,0x000000076348c360,0x0000000766e80000)
 Metaspace       used 79379K, capacity 83428K, committed 83584K, reserved 1122304K
  class space    used 10121K, capacity 10829K, committed 10880K, reserved 1048576K
Event: 1167.120 GC heap after
Heap after GC invocations=43 (full 4):
 PSYoungGen      total 266240K, used 16955K [0x00000007a0000000, 0x00000007b2b00000, 0x00000007c0000000)
  eden space 247296K, 0% used [0x00000007a0000000,0x00000007a0000000,0x00000007af180000)
  from space 18944K, 89% used [0x00000007af180000,0x00000007b020ece0,0x00000007b0400000)
  to   space 20992K, 0% used [0x00000007b1680000,0x00000007b1680000,0x00000007b2b00000)
 ParOldGen       total 113152K, used 53816K [0x0000000760000000, 0x0000000766e80000, 0x00000007a0000000)
  object space 113152K, 47% used [0x0000000760000000,0x000000076348e360,0x0000000766e80000)
 Metaspace       used 79379K, capacity 83428K, committed 83584K, reserved 1122304K
  class space    used 10121K, capacity 10829K, committed 10880K, reserved 1048576K
}
Event: 1514.849 GC heap before
{Heap before GC invocations=44 (full 4):
 PSYoungGen      total 266240K, used 264251K [0x00000007a0000000, 0x00000007b2b00000, 0x00000007c0000000)
  eden space 247296K, 100% used [0x00000007a0000000,0x00000007af180000,0x00000007af180000)
  from space 18944K, 89% used [0x00000007af180000,0x00000007b020ece0,0x00000007b0400000)
  to   space 20992K, 0% used [0x00000007b1680000,0x00000007b1680000,0x00000007b2b00000)
 ParOldGen       total 113152K, used 53816K [0x0000000760000000, 0x0000000766e80000, 0x00000007a0000000)
  object space 113152K, 47% used [0x0000000760000000,0x000000076348e360,0x0000000766e80000)
 Metaspace       used 79849K, capacity 84264K, committed 84480K, reserved 1122304K
  class space    used 10167K, capacity 10901K, committed 11008K, reserved 1048576K
Event: 1514.928 GC heap after
Heap after GC invocations=44 (full 4):
 PSYoungGen      total 244736K, used 7629K [0x00000007a0000000, 0x00000007b1e00000, 0x00000007c0000000)
  eden space 237056K, 0% used [0x00000007a0000000,0x00000007a0000000,0x00000007ae780000)
  from space 7680K, 99% used [0x00000007b1680000,0x00000007b1df3778,0x00000007b1e00000)
  to   space 20480K, 0% used [0x00000007af600000,0x00000007af600000,0x00000007b0a00000)
 ParOldGen       total 113152K, used 53824K [0x0000000760000000, 0x0000000766e80000, 0x00000007a0000000)
  object space 113152K, 47% used [0x0000000760000000,0x0000000763490360,0x0000000766e80000)
 Metaspace       used 79849K, capacity 84264K, committed 84480K, reserved 1122304K
  class space    used 10167K, capacity 10901K, committed 11008K, reserved 1048576K
}
Event: 1901.522 GC heap before
{Heap before GC invocations=45 (full 4):
 PSYoungGen      total 244736K, used 244685K [0x00000007a0000000, 0x00000007b1e00000, 0x00000007c0000000)
  eden space 237056K, 100% used [0x00000007a0000000,0x00000007ae780000,0x00000007ae780000)
  from space 7680K, 99% used [0x00000007b1680000,0x00000007b1df3778,0x00000007b1e00000)
  to   space 20480K, 0% used [0x00000007af600000,0x00000007af600000,0x00000007b0a00000)
 ParOldGen       total 113152K, used 53824K [0x0000000760000000, 0x0000000766e80000, 0x00000007a0000000)
  object space 113152K, 47% used [0x0000000760000000,0x0000000763490360,0x0000000766e80000)
 Metaspace       used 80287K, capacity 84996K, committed 85248K, reserved 1124352K
  class space    used 10210K, capacity 10954K, committed 11008K, reserved 1048576K
Event: 1901.611 GC heap after
Heap after GC invocations=45 (full 4):
 PSYoungGen      total 237056K, used 9361K [0x00000007a0000000, 0x00000007b1700000, 0x00000007c0000000)
  eden space 227328K, 0% used [0x00000007a0000000,0x00000007a0000000,0x00000007ade00000)
  from space 9728K, 96% used [0x00000007af600000,0x00000007aff246f0,0x00000007aff80000)
  to   space 19456K, 0% used [0x00000007b0400000,0x00000007b0400000,0x00000007b1700000)
 ParOldGen       total 113152K, used 53832K [0x0000000760000000, 0x0000000766e80000, 0x00000007a0000000)
  object space 113152K, 47% used [0x0000000760000000,0x0000000763492360,0x0000000766e80000)
 Metaspace       used 80287K, capacity 84996K, committed 85248K, reserved 1124352K
  class space    used 10210K, capacity 10954K, committed 11008K, reserved 1048576K
}

